<?xml version="1.0" encoding="UTF-8"?>
<testsuite name="CalculatorTest" tests="6" skipped="0" failures="0" errors="0" timestamp="2021-11-08T16:19:04" hostname="DESKTOP-VLQBU5O" time="0.123">
  <properties/>
  <testcase name="sum()" classname="CalculatorTest" time="0.084"/>
  <testcase name="subtration()" classname="CalculatorTest" time="0.002"/>
  <testcase name="power()" classname="CalculatorTest" time="0.011"/>
  <testcase name="division()" classname="CalculatorTest" time="0.004"/>
  <testcase name="multiplication()" classname="CalculatorTest" time="0.002"/>
  <testcase name="squadRoot()" classname="CalculatorTest" time="0.008"/>
  <system-out><![CDATA[]]></system-out>
  <system-err><![CDATA[]]></system-err>
</testsuite>
